{"/home/cuervo/Desktop/pruebasUnitaris/tests/maths.js": {"path":"/home/cuervo/Desktop/pruebasUnitaris/tests/maths.js","statementMap":{"0":{"start":{"line":1,"column":13},"end":{"line":1,"column":25}},"1":{"start":{"line":1,"column":22},"end":{"line":1,"column":25}},"2":{"start":{"line":2,"column":19},"end":{"line":2,"column":30}},"3":{"start":{"line":2,"column":27},"end":{"line":2,"column":30}},"4":{"start":{"line":3,"column":13},"end":{"line":3,"column":25}},"5":{"start":{"line":3,"column":22},"end":{"line":3,"column":25}},"6":{"start":{"line":4,"column":14},"end":{"line":4,"column":26}},"7":{"start":{"line":4,"column":23},"end":{"line":4,"column":26}},"8":{"start":{"line":7,"column":0},"end":{"line":12,"column":1}}},"fnMap":{"0":{"name":"(anonymous_0)","decl":{"start":{"line":1,"column":13},"end":{"line":1,"column":14}},"loc":{"start":{"line":1,"column":22},"end":{"line":1,"column":25}},"line":1},"1":{"name":"(anonymous_1)","decl":{"start":{"line":2,"column":19},"end":{"line":2,"column":20}},"loc":{"start":{"line":2,"column":27},"end":{"line":2,"column":30}},"line":2},"2":{"name":"(anonymous_2)","decl":{"start":{"line":3,"column":13},"end":{"line":3,"column":14}},"loc":{"start":{"line":3,"column":22},"end":{"line":3,"column":25}},"line":3},"3":{"name":"(anonymous_3)","decl":{"start":{"line":4,"column":14},"end":{"line":4,"column":15}},"loc":{"start":{"line":4,"column":23},"end":{"line":4,"column":26}},"line":4}},"branchMap":{},"s":{"0":1,"1":1,"2":1,"3":1,"4":1,"5":1,"6":1,"7":1,"8":1},"f":{"0":1,"1":1,"2":1,"3":1},"b":{},"_coverageSchema":"1a1c01bbd47fc00a2c39e90264f33305004495a9","hash":"498eba9da38e68fdf81fbf501936689a70f32e4c"}
,"/home/cuervo/Desktop/pruebasUnitaris/tests/numbers.js": {"path":"/home/cuervo/Desktop/pruebasUnitaris/tests/numbers.js","statementMap":{"0":{"start":{"line":1,"column":16},"end":{"line":1,"column":28}},"1":{"start":{"line":1,"column":25},"end":{"line":1,"column":28}},"2":{"start":{"line":3,"column":0},"end":{"line":3,"column":26}}},"fnMap":{"0":{"name":"(anonymous_0)","decl":{"start":{"line":1,"column":16},"end":{"line":1,"column":17}},"loc":{"start":{"line":1,"column":25},"end":{"line":1,"column":28}},"line":1}},"branchMap":{},"s":{"0":1,"1":5,"2":1},"f":{"0":5},"b":{},"_coverageSchema":"1a1c01bbd47fc00a2c39e90264f33305004495a9","hash":"6120ff5d909102d4125bab6363ea1bbddfa384a8"}
,"/home/cuervo/Desktop/pruebasUnitaris/tests/true.js": {"path":"/home/cuervo/Desktop/pruebasUnitaris/tests/true.js","statementMap":{"0":{"start":{"line":1,"column":14},"end":{"line":1,"column":24}},"1":{"start":{"line":1,"column":20},"end":{"line":1,"column":24}},"2":{"start":{"line":2,"column":15},"end":{"line":2,"column":25}},"3":{"start":{"line":2,"column":21},"end":{"line":2,"column":25}},"4":{"start":{"line":3,"column":16},"end":{"line":3,"column":27}},"5":{"start":{"line":3,"column":22},"end":{"line":3,"column":27}},"6":{"start":{"line":4,"column":20},"end":{"line":4,"column":34}},"7":{"start":{"line":4,"column":25},"end":{"line":4,"column":34}},"8":{"start":{"line":7,"column":0},"end":{"line":12,"column":1}}},"fnMap":{"0":{"name":"(anonymous_0)","decl":{"start":{"line":1,"column":14},"end":{"line":1,"column":15}},"loc":{"start":{"line":1,"column":20},"end":{"line":1,"column":24}},"line":1},"1":{"name":"(anonymous_1)","decl":{"start":{"line":2,"column":15},"end":{"line":2,"column":16}},"loc":{"start":{"line":2,"column":21},"end":{"line":2,"column":25}},"line":2},"2":{"name":"(anonymous_2)","decl":{"start":{"line":3,"column":16},"end":{"line":3,"column":17}},"loc":{"start":{"line":3,"column":22},"end":{"line":3,"column":27}},"line":3},"3":{"name":"(anonymous_3)","decl":{"start":{"line":4,"column":20},"end":{"line":4,"column":21}},"loc":{"start":{"line":4,"column":25},"end":{"line":4,"column":34}},"line":4}},"branchMap":{},"s":{"0":1,"1":1,"2":1,"3":1,"4":1,"5":1,"6":1,"7":1,"8":1},"f":{"0":1,"1":1,"2":1,"3":1},"b":{},"_coverageSchema":"1a1c01bbd47fc00a2c39e90264f33305004495a9","hash":"d538087831dc6ea7e2a299446712672288a5ebc8"}
,"/home/cuervo/Desktop/pruebasUnitaris/tests/__test__/arrays.js": {"path":"/home/cuervo/Desktop/pruebasUnitaris/tests/__test__/arrays.js","statementMap":{"0":{"start":{"line":1,"column":15},"end":{"line":1,"column":67}},"1":{"start":{"line":2,"column":14},"end":{"line":2,"column":60}},"2":{"start":{"line":4,"column":20},"end":{"line":4,"column":31}},"3":{"start":{"line":4,"column":25},"end":{"line":4,"column":31}},"4":{"start":{"line":5,"column":19},"end":{"line":5,"column":30}},"5":{"start":{"line":5,"column":25},"end":{"line":5,"column":30}},"6":{"start":{"line":7,"column":0},"end":{"line":10,"column":1}}},"fnMap":{"0":{"name":"(anonymous_0)","decl":{"start":{"line":4,"column":20},"end":{"line":4,"column":21}},"loc":{"start":{"line":4,"column":25},"end":{"line":4,"column":31}},"line":4},"1":{"name":"(anonymous_1)","decl":{"start":{"line":5,"column":19},"end":{"line":5,"column":20}},"loc":{"start":{"line":5,"column":25},"end":{"line":5,"column":30}},"line":5}},"branchMap":{},"s":{"0":1,"1":1,"2":1,"3":1,"4":1,"5":2,"6":1},"f":{"0":1,"1":2},"b":{},"_coverageSchema":"1a1c01bbd47fc00a2c39e90264f33305004495a9","hash":"0fd3c9a71a9f900c1db6b6193c5f601f35476314"}
}
